TN:
SF:config.js
FN:4,(anonymous_0)
FNF:1
FNH:0
FNDA:0,(anonymous_0)
DA:3,1
DA:4,1
DA:6,1
LF:3
LH:3
BRDA:3,0,0,1
BRDA:3,0,1,0
BRDA:4,1,0,0
BRDA:4,1,1,0
BRDA:4,2,0,0
BRDA:4,2,1,0
BRDA:8,3,0,1
BRDA:8,3,1,1
BRDA:11,4,0,1
BRDA:11,4,1,1
BRDA:12,5,0,1
BRDA:12,5,1,1
BRDA:15,6,0,1
BRDA:15,6,1,1
BRDA:25,7,0,1
BRDA:25,7,1,1
BRDA:27,8,0,1
BRDA:27,8,1,1
BRDA:28,9,0,1
BRDA:28,9,1,0
BRDA:28,9,2,1
BRDA:32,10,0,1
BRDA:32,10,1,1
BRDA:33,11,0,1
BRDA:33,11,1,1
BRDA:44,12,0,1
BRDA:44,12,1,0
BRDA:45,13,0,1
BRDA:45,13,1,1
BRDA:46,14,0,1
BRDA:46,14,1,0
BRDA:47,15,0,1
BRDA:47,15,1,0
BRDA:48,16,0,1
BRDA:48,16,1,0
BRF:35
BRH:25
end_of_record
TN:
SF:apps/common/validators.js
FN:11,(anonymous_0)
FN:15,(anonymous_1)
FNF:2
FNH:2
FNDA:16,(anonymous_0)
FNDA:48,(anonymous_1)
DA:10,1
DA:11,16
DA:15,48
LF:3
LH:3
BRF:0
BRH:0
end_of_record
TN:
SF:apps/feedback/behaviours/send-feedback.js
FN:17,(anonymous_0)
FN:32,(anonymous_1)
FN:33,(anonymous_2)
FN:42,(anonymous_3)
FNF:4
FNH:3
FNDA:1,(anonymous_0)
FNDA:2,(anonymous_1)
FNDA:1,(anonymous_2)
FNDA:0,(anonymous_3)
DA:4,1
DA:5,1
DA:6,1
DA:7,1
DA:8,1
DA:17,1
DA:18,1
DA:19,1
DA:21,1
DA:23,1
DA:29,1
DA:32,2
DA:34,1
DA:36,1
DA:37,1
DA:39,0
DA:42,1
DA:43,0
LF:18
LH:16
BRF:0
BRH:0
end_of_record
TN:
SF:apps/feedback/util/data-formatter.js
FN:11,(anonymous_0)
FN:32,(anonymous_1)
FNF:2
FNH:2
FNDA:1,(anonymous_0)
FNDA:1,(anonymous_1)
DA:11,1
DA:12,1
DA:14,1
DA:15,0
DA:16,0
DA:17,0
DA:19,0
DA:22,1
DA:32,1
DA:33,1
DA:35,1
DA:38,1
LF:12
LH:8
BRDA:11,0,0,1
BRDA:14,1,0,0
BRDA:14,1,1,1
BRF:3
BRH:2
end_of_record
TN:
SF:apps/feedback/util/send-email.js
FN:16,(anonymous_0)
FN:19,(anonymous_1)
FN:19,(anonymous_2)
FNF:3
FNH:2
FNDA:1,(anonymous_0)
FNDA:1,(anonymous_1)
FNDA:0,(anonymous_2)
DA:4,1
DA:5,1
DA:6,1
DA:7,1
DA:8,1
DA:16,1
DA:17,1
DA:19,1
DA:22,1
LF:9
LH:9
BRF:0
BRH:0
end_of_record
TN:
SF:apps/nrm/behaviours/check-email-token.js
FN:6,(anonymous_0)
FN:7,(anonymous_1)
FN:21,(anonymous_2)
FN:34,(anonymous_3)
FNF:4
FNH:3
FNDA:5,(anonymous_0)
FNDA:4,(anonymous_1)
FNDA:1,(anonymous_2)
FNDA:0,(anonymous_3)
DA:2,1
DA:3,1
DA:6,5
DA:8,4
DA:9,4
DA:11,4
DA:14,4
DA:16,3
DA:20,1
DA:22,1
DA:24,1
DA:26,1
DA:28,1
DA:29,1
DA:31,0
DA:34,0
LF:16
LH:14
BRDA:14,0,0,3
BRDA:14,0,1,1
BRDA:14,1,0,4
BRDA:14,1,1,2
BRDA:14,1,2,2
BRDA:14,1,3,0
BRDA:14,1,4,2
BRDA:22,2,0,1
BRDA:22,2,1,0
BRF:9
BRH:7
end_of_record
TN:
SF:apps/nrm/behaviours/confirmation.js
FN:3,(anonymous_0)
FN:4,(anonymous_1)
FNF:2
FNH:2
FNDA:2,(anonymous_0)
FNDA:2,(anonymous_1)
DA:3,2
DA:5,2
DA:6,2
DA:7,1
DA:9,1
DA:11,2
LF:6
LH:6
BRDA:6,0,0,1
BRDA:6,0,1,1
BRF:2
BRH:2
end_of_record
TN:
SF:apps/nrm/behaviours/delete-on-change.js
FN:24,(anonymous_0)
FN:25,(anonymous_1)
FN:36,(anonymous_2)
FN:52,(anonymous_3)
FN:65,(anonymous_4)
FN:72,(anonymous_5)
FN:72,(anonymous_6)
FN:73,(anonymous_7)
FNF:8
FNH:5
FNDA:0,(anonymous_0)
FNDA:0,(anonymous_1)
FNDA:0,(anonymous_2)
FNDA:4,(anonymous_3)
FNDA:10,(anonymous_4)
FNDA:4,(anonymous_5)
FNDA:4,(anonymous_6)
FNDA:4,(anonymous_7)
DA:24,1
DA:25,0
DA:27,0
DA:28,0
DA:29,0
DA:33,0
DA:36,0
DA:37,0
DA:40,0
DA:52,1
DA:53,4
DA:54,4
DA:55,4
DA:57,4
DA:58,3
DA:61,2
DA:62,0
DA:65,2
DA:66,10
DA:72,4
DA:74,4
DA:75,4
LF:22
LH:13
BRDA:28,0,0,0
BRDA:28,0,1,0
BRDA:57,1,0,3
BRDA:57,1,1,1
BRDA:58,2,0,2
BRDA:58,2,1,1
BRDA:61,3,0,0
BRDA:61,3,1,2
BRF:8
BRH:5
end_of_record
TN:
SF:apps/nrm/behaviours/reset-on-change.js
FN:3,(anonymous_0)
FN:3,(anonymous_1)
FN:4,(anonymous_2)
FN:11,(anonymous_3)
FN:16,(anonymous_4)
FNF:5
FNH:5
FNDA:5,(anonymous_0)
FNDA:5,(anonymous_1)
FNDA:5,(anonymous_2)
FNDA:9,(anonymous_3)
FNDA:9,(anonymous_4)
DA:3,5
DA:5,5
DA:6,5
DA:7,5
DA:8,4
DA:9,3
DA:11,3
DA:12,9
DA:14,3
DA:16,3
DA:17,9
DA:18,9
DA:19,9
DA:22,3
DA:25,5
LF:15
LH:15
BRDA:7,0,0,4
BRDA:7,0,1,1
BRDA:7,1,0,5
BRDA:7,1,1,5
BRDA:8,2,0,3
BRDA:8,2,1,1
BRF:6
BRH:6
end_of_record
TN:
SF:apps/nrm/behaviours/save-and-exit.js
FN:5,(anonymous_0)
FN:10,(anonymous_1)
FN:11,(anonymous_2)
FNF:3
FNH:3
FNDA:5,(anonymous_0)
FNDA:5,(anonymous_1)
FNDA:5,(anonymous_2)
DA:2,1
DA:3,1
DA:5,1
DA:6,5
DA:10,5
DA:12,5
DA:13,5
DA:17,5
DA:19,5
DA:21,5
LF:10
LH:10
BRF:0
BRH:0
end_of_record
TN:
SF:apps/nrm/behaviours/types-of-exploitation.js
FN:10,(anonymous_0)
FN:11,(anonymous_1)
FN:22,(anonymous_2)
FN:23,(anonymous_3)
FNF:4
FNH:4
FNDA:1,(anonymous_0)
FNDA:1,(anonymous_1)
FNDA:1,(anonymous_2)
FNDA:1,(anonymous_3)
DA:10,1
DA:11,1
DA:12,1
DA:13,1
DA:14,1
DA:16,0
DA:19,1
DA:22,1
DA:24,1
DA:25,1
DA:26,0
DA:33,1
LF:12
LH:10
BRDA:12,0,0,1
BRDA:12,0,1,0
BRDA:25,1,0,0
BRDA:25,1,1,1
BRF:4
BRH:2
end_of_record
TN:
SF:apps/nrm/models/check-token.js
FN:10,(anonymous_0)
FN:23,(anonymous_1)
FNF:2
FNH:1
FNDA:2,(anonymous_0)
FNDA:0,(anonymous_1)
DA:3,1
DA:10,1
DA:11,2
DA:12,2
DA:13,2
DA:15,2
DA:23,1
DA:24,0
DA:27,1
LF:9
LH:8
BRF:0
BRH:0
end_of_record
TN:
SF:apps/verify/behaviours/confirm-email-passer.js
FN:3,(anonymous_0)
FN:4,(anonymous_1)
FNF:2
FNH:2
FNDA:2,(anonymous_0)
FNDA:1,(anonymous_1)
DA:3,2
DA:5,1
DA:6,1
DA:7,1
LF:4
LH:4
BRF:0
BRH:0
end_of_record
TN:
SF:apps/verify/behaviours/email-lookup-sender.js
FN:12,(anonymous_0)
FN:21,(anonymous_1)
FN:29,(anonymous_2)
FN:35,(anonymous_3)
FN:37,(anonymous_4)
FN:38,(anonymous_5)
FN:58,(anonymous_6)
FNF:7
FNH:6
FNDA:2,(anonymous_0)
FNDA:2,(anonymous_1)
FNDA:0,(anonymous_2)
FNDA:7,(anonymous_3)
FNDA:3,(anonymous_4)
FNDA:3,(anonymous_5)
FNDA:3,(anonymous_6)
DA:2,1
DA:3,1
DA:4,1
DA:5,1
DA:6,1
DA:7,1
DA:8,1
DA:9,1
DA:10,1
DA:12,1
DA:13,2
DA:21,1
DA:22,2
DA:31,0
DA:35,7
DA:38,3
DA:39,3
DA:40,3
DA:41,3
DA:43,3
DA:45,3
DA:46,1
DA:47,1
DA:50,2
DA:51,2
DA:52,2
DA:53,2
DA:59,3
DA:60,2
DA:61,2
DA:63,1
LF:31
LH:30
BRDA:45,0,0,1
BRDA:45,0,1,2
BRDA:59,1,0,2
BRDA:59,1,1,1
BRF:4
BRH:4
end_of_record
TN:
SF:apps/verify/util/check-email-ext.js
FN:5,(anonymous_0)
FN:7,(anonymous_1)
FN:18,(anonymous_2)
FNF:3
FNH:3
FNDA:5,(anonymous_0)
FNDA:12,(anonymous_1)
FNDA:5,(anonymous_2)
DA:3,1
DA:7,5
DA:8,12
DA:9,7
DA:11,5
DA:15,5
DA:19,5
DA:20,5
DA:21,5
LF:9
LH:9
BRDA:8,0,0,7
BRDA:8,0,1,5
BRF:2
BRH:2
end_of_record
